# Distance(km)   North (mm)  East (mm)   Hor (mm)   Vert (mm)     Lon         Lat      Elev (m)     ID
     22.3349      5.0830      2.3801      5.6127     15.0798   -118.9014     37.7834   2749.4977    BALD
     15.0036      6.9005      3.2189      7.6143     16.2108   -118.8967     37.6446   2391.5039    CA99
     14.0809      3.9861      3.5527      5.3395     22.5821   -118.9812     37.7442   2265.4104    DDMN
     22.8327      3.0386      4.1312      5.1283     14.8432   -119.0906     38.0515   1965.4390    DECH
     85.9820      0.7834      0.8765      1.1756      6.7435   -118.0393     37.7428   1511.9377    DYER
     21.5355      2.7513      4.4596      5.2400     13.3232   -118.8213     37.6586   2160.8970    HOTK
      9.5116      6.9864      4.3250      8.2168     17.9183   -118.9792     37.6591   2651.6740    KNOL
     20.0452      5.4232      5.3841      7.6420     16.5231   -118.8805     37.7133   2395.5770    KRAC
    -68.6707      1.2125      1.6072      2.0133      8.1387   -119.0579     36.3600    472.0000    LCOV
      5.3895      7.3346      4.4104      8.5585     19.4544   -119.0173     37.6372   3057.0794    LINC
      2.9860     16.5346     17.2276     23.8785     27.5890   -119.0609     37.6538   2776.9320    MINS
    -42.9529      2.9631      4.1984      5.1387     14.2841   -119.3093     37.1699   2042.5274    MUSB
     11.1125      6.6935      4.8388      8.2594     16.8820   -118.9447     37.6405   2317.3791    MWTP
     64.0051      1.8069      1.2291      2.1853      8.3306   -117.5315     36.6143   1967.5170    P091
     83.9712      1.5090      1.0120      1.8169      8.4239   -117.4068     36.8042   2157.7410    P092
     27.5128      1.8942      2.3369      3.0082      9.7172   -117.9941     36.6060   1339.7230    P093
     82.3223      1.7000      2.0729      2.6808      9.1521   -117.7042     37.2008   1729.8720    P094
    -42.7805      5.3026      4.3926      6.8857     21.6715   -119.7061     37.7131   1580.4430    P245
    -42.3496      2.3073      2.4469      3.3632     19.3600   -119.8402     37.9012   1502.0000    P308
     18.1177      3.4194      3.6024      4.9668     16.1964   -118.5198     37.1776   3698.6484    P311
      9.1518      4.2387      5.7941      7.1790     14.2778   -118.1324     36.4668   2902.2640    P465
     39.3876      1.6612      2.2065      2.7619      8.9504   -117.7895     36.5313   2755.2470    P466
     18.0520      2.1403      3.4213      4.0356     10.9032   -118.0906     36.5702   1380.1261    P467
     38.0340      1.4361      2.3224      2.7305      9.8483   -118.1184     36.9757   2853.9550    P468
     66.0875      0.9283      1.0962      1.4365      8.1414   -117.9358     37.2314   1795.4710    P469
    -50.3610      2.7533      2.7797      3.9124     16.7482   -119.6945     37.5626   1344.7265    P512
    -83.9375      3.8779      2.3313      4.5247     11.0519   -119.2293     36.3245     78.2330    P566
    -53.1695      3.4738      2.0838      4.0509     14.2640   -118.7667     36.2314    914.1873    P571
    -48.1507      2.2272      3.2542      3.9434     14.3796   -118.9546     36.5855   1167.9300    P572
    -21.2839      2.3277      2.2989      3.2715     15.3709   -118.2605     36.0931   2441.3863    P573
     72.6489      1.9786      1.5526      2.5150      7.6689   -118.3785     37.9731   2342.7610    P627
    -21.5227      3.8891      5.0561      6.3788     15.9279   -119.1794     37.3759   2725.6721    P629
      5.3357     13.8707      3.8997     14.4085     17.8176   -119.0004     37.6130   2741.1940    P630
     11.3600     12.7764      7.6800     14.9070     18.6131   -118.9159     37.6053   2660.3970    P631
      8.3974      2.4253      6.0515      6.5195     18.7153   -119.0861     37.7857   2390.4050    P632
     19.5371      2.3169      2.5873      3.4730     12.9414   -119.0330     37.9135   2293.0197    P633
      8.0396      3.1688      3.6903      4.8641     20.6846   -119.0258     37.6966   2468.0480    P634
      7.4307      3.6911      5.7660      6.8462     18.6495   -119.1380     37.8393   2484.7870    P635
     13.6428      2.5594      5.3860      5.9632     14.6896   -119.1467     37.9628   2739.6570    P636
     15.7179      2.6679      4.2527      5.0202     16.7350   -119.0837     37.9141   2031.6741    P637
     16.4050      4.3782      1.9827      4.8062     16.6774   -118.9435     37.7343   2491.9000    P638
     17.6950      3.1062      3.6953      4.8274     18.0508   -118.8687     37.6546   2339.8590    P639
     23.8469      2.1025      2.3276      3.1365     14.8758   -118.9604     37.8917   2201.5140    P640
     31.3545      1.8381      2.1461      2.8257     13.1834   -118.8519     37.8782   2527.0000    P641
     18.1695     13.5300     10.0920     16.8793     14.3466   -118.8167     37.5914   2667.9850    P642
     25.5796      3.7365      3.5131      5.1287     13.4926   -118.6982     37.5615   2122.5970    P643
     22.9881      4.5339      9.0584     10.1297     14.5601   -118.6844     37.4954   3459.2530    P644
     32.4808      1.3148      2.5556      2.8740     11.6414   -118.5935     37.5413   2008.0000    P645
     22.6527      2.2845      3.8138      4.4457     14.4398   -118.8200     37.6770   2102.5890    P646
     30.9237      3.0490      3.3546      4.5332     11.7242   -118.7677     37.7544   2235.5000    P647
     14.2840      2.9085      2.9197      4.1211     17.2992   -119.0192     37.8000   2572.9820    P648
     41.5622      2.0017      1.6836      2.6156     14.0476   -118.7362     37.9035   2154.5510    P649
     54.7041      1.3694      1.8082      2.2682      9.8195   -118.5549     37.8913   2298.7950    P650
     49.5023      1.7202      2.6246      3.1381     13.1259   -118.3870     37.5631   1317.3410    P651
     62.3197      2.9095      3.2937      4.3947     12.5764   -118.2385     37.5892   3865.9850    P652
     52.5963      1.2328      2.4642      2.7554     13.1369   -118.4717     37.7375   1826.9100    P653
     18.6703      2.4291      5.6509      6.1508     18.9670   -119.1502     38.0579   2054.0620    P654
     29.3578      1.2487      3.2699      3.5002     13.2507   -118.5611     37.4395   1371.6230    P724
    -80.8999      2.2129      2.1377      3.0768     16.0529   -119.7456     37.0889    331.5500    P725
     52.4976      1.2174      1.4581      1.8995     10.3416   -118.1467     37.2805   2202.1376    P726
     27.4752      1.7071      3.2574      3.6776     12.5531   -118.4668     37.2736   2677.8440    P727
     13.1591      2.8345      3.3845      4.4146     14.3686   -119.0569     37.8314   2401.6083    PMTN
     16.7125      2.6743      4.8991      5.5815     19.0245   -118.8979     37.6771   2417.4136    RDOM
     13.2033      7.0509      3.4766      7.8615     15.2589   -118.9532     37.6899   2440.2648    SAWC
     10.1788      8.5651      3.8291      9.3821     20.1407   -118.9456     37.6249   2360.1567    SHRC
     16.1613      8.3732      5.4120      9.9700     14.3441   -118.8629     37.6189   2165.7895    TILC
     34.6393      2.1204      1.8458      2.8112     11.4728   -118.6539     37.6643   2363.8151    WATC
